{
  "RSpec": {
    "coverage": {
      "/home/rtcoms/work/payment_system/app/models/user.rb": {
        "lines": [
          1,
          null,
          null,
          1,
          null,
          1,
          null,
          1,
          null,
          1,
          1,
          1,
          1,
          1,
          null,
          1,
          1,
          null,
          null,
          1,
          1,
          null,
          null
        ]
      },
      "/home/rtcoms/work/payment_system/app/models/application_record.rb": {
        "lines": [
          1,
          1,
          null
        ]
      },
      "/home/rtcoms/work/payment_system/app/validators/email_validator.rb": {
        "lines": [
          1,
          1,
          257,
          9,
          null,
          null,
          null
        ]
      },
      "/home/rtcoms/work/payment_system/app/helpers/application_helper.rb": {
        "lines": [
          1,
          1,
          null,
          0,
          null,
          null,
          null,
          null,
          null,
          0,
          null,
          null
        ]
      },
      "/home/rtcoms/work/payment_system/app/helpers/merchants_helper.rb": {
        "lines": [
          1,
          null
        ]
      },
      "/home/rtcoms/work/payment_system/app/helpers/pages_helper.rb": {
        "lines": [
          1,
          null
        ]
      },
      "/home/rtcoms/work/payment_system/app/helpers/transactions_helper.rb": {
        "lines": [
          1,
          null
        ]
      },
      "/home/rtcoms/work/payment_system/app/interactors/create_authorize_transaction_service.rb": {
        "lines": [
          1,
          1,
          null,
          1,
          null
        ]
      },
      "/home/rtcoms/work/payment_system/app/interactors/validate_transaction_params.rb": {
        "lines": [
          1,
          1,
          null,
          1,
          12,
          12,
          null,
          12,
          7,
          null,
          null,
          5,
          4,
          null,
          null,
          5,
          5,
          null,
          5,
          5,
          null,
          null,
          1,
          null,
          1,
          12,
          null,
          null,
          1,
          4,
          12,
          null,
          12,
          3,
          null,
          9,
          null,
          null,
          null,
          null
        ]
      },
      "/home/rtcoms/work/payment_system/app/interactors/validate_merchant.rb": {
        "lines": [
          1,
          1,
          null,
          1,
          8,
          8,
          null,
          8,
          null,
          null,
          8,
          6,
          5,
          null,
          5,
          5,
          null,
          null
        ]
      },
      "/home/rtcoms/work/payment_system/app/interactors/create_transaction.rb": {
        "lines": [
          1,
          1,
          null,
          1,
          4,
          null,
          null,
          4,
          1,
          3,
          1,
          null,
          null,
          null
        ]
      },
      "/home/rtcoms/work/payment_system/app/interactors/create_charge_transaction_service.rb": {
        "lines": [
          1,
          1,
          null,
          1,
          null
        ]
      },
      "/home/rtcoms/work/payment_system/app/interactors/recalculate_merchant_amount.rb": {
        "lines": [
          1,
          1,
          null,
          1,
          3,
          null,
          null
        ]
      },
      "/home/rtcoms/work/payment_system/app/interactors/create_refund_transaction_service.rb": {
        "lines": [
          1,
          1,
          null,
          1,
          null
        ]
      },
      "/home/rtcoms/work/payment_system/app/interactors/create_reversal_transaction_service.rb": {
        "lines": [
          1,
          1,
          null,
          1,
          null
        ]
      },
      "/home/rtcoms/work/payment_system/app/models/admin.rb": {
        "lines": [
          1,
          null
        ]
      },
      "/home/rtcoms/work/payment_system/app/models/authorize_transaction.rb": {
        "lines": [
          1,
          1,
          null,
          1,
          null,
          1,
          null
        ]
      },
      "/home/rtcoms/work/payment_system/app/models/transaction.rb": {
        "lines": [
          1,
          1,
          1,
          null,
          1,
          null,
          1,
          1,
          1,
          29,
          null,
          1,
          null,
          1,
          1,
          1,
          1,
          1,
          null,
          1,
          80,
          null,
          1,
          null,
          1,
          null,
          1,
          null,
          79,
          null,
          null,
          1,
          3,
          null,
          null
        ]
      },
      "/home/rtcoms/work/payment_system/app/models/charge_transaction.rb": {
        "lines": [
          1,
          1,
          null,
          1,
          null,
          1,
          null,
          1,
          null,
          22,
          null,
          15,
          null,
          1,
          null,
          1,
          21,
          null,
          null,
          1,
          22,
          null,
          null,
          1,
          null,
          20,
          null,
          null,
          1,
          17,
          17,
          17,
          null,
          null,
          null,
          null,
          17,
          null,
          1,
          null,
          null,
          null,
          1,
          1,
          null,
          null
        ]
      },
      "/home/rtcoms/work/payment_system/app/models/concerns/transactions/with_reference_transaction.rb": {
        "lines": [
          null,
          1,
          1,
          1,
          null,
          1,
          3,
          null,
          3,
          40,
          null,
          38,
          null,
          null,
          1,
          null,
          1,
          31,
          null,
          0,
          null,
          null,
          1,
          0,
          null,
          0,
          null,
          null,
          1,
          29,
          null,
          3,
          null,
          null,
          1,
          null,
          null,
          0,
          null,
          null,
          1,
          0,
          null,
          null,
          1,
          null,
          0,
          null,
          null,
          null
        ]
      },
      "/home/rtcoms/work/payment_system/app/models/merchant.rb": {
        "lines": [
          1,
          null,
          1,
          null,
          1,
          3,
          3,
          3,
          null,
          null,
          null,
          null,
          null,
          1,
          3,
          null,
          null
        ]
      },
      "/home/rtcoms/work/payment_system/app/models/payment.rb": {
        "lines": [
          1,
          1,
          1,
          1,
          null,
          null,
          null,
          null,
          null,
          null,
          null,
          null,
          null,
          null,
          null
        ]
      },
      "/home/rtcoms/work/payment_system/app/models/refund_transaction.rb": {
        "lines": [
          1,
          1,
          null,
          1,
          null,
          1,
          null,
          1,
          10,
          null,
          3,
          null,
          1,
          null,
          1,
          7,
          null,
          null,
          1,
          8,
          null,
          null,
          1,
          null,
          9,
          null,
          null,
          1,
          1,
          null,
          null,
          1,
          5,
          null,
          0,
          null,
          null
        ]
      },
      "/home/rtcoms/work/payment_system/app/models/reversal_transaction.rb": {
        "lines": [
          1,
          1,
          null,
          1,
          null,
          1,
          null,
          1,
          null,
          1,
          3,
          null,
          null,
          1,
          4,
          null,
          null,
          1,
          null,
          3,
          null,
          null
        ]
      },
      "/home/rtcoms/work/payment_system/app/controllers/merchants_controller.rb": {
        "lines": [
          1,
          1,
          1,
          1,
          null,
          null,
          1,
          1,
          null,
          null,
          null,
          1,
          null,
          null,
          1,
          1,
          null,
          null,
          null,
          1,
          null,
          null,
          1,
          4,
          null,
          4,
          2,
          null,
          2,
          null,
          null,
          null,
          null,
          1,
          4,
          2,
          null,
          2,
          null,
          null,
          null,
          null,
          1,
          2,
          2,
          null,
          null,
          1,
          null,
          null,
          1,
          8,
          null,
          null,
          null,
          1,
          14,
          null,
          null
        ]
      },
      "/home/rtcoms/work/payment_system/app/controllers/application_controller.rb": {
        "lines": [
          1,
          1,
          10,
          null,
          10,
          null,
          null
        ]
      },
      "/home/rtcoms/work/payment_system/app/forms/authorize_transaction_form.rb": {
        "lines": [
          1,
          1,
          1,
          1,
          null,
          1,
          1,
          null,
          1,
          null,
          null,
          1,
          1,
          null
        ]
      },
      "/home/rtcoms/work/payment_system/app/forms/charge_transaction_form.rb": {
        "lines": [
          1,
          1,
          1,
          1,
          1,
          1,
          null,
          1,
          1,
          null
        ]
      },
      "/home/rtcoms/work/payment_system/app/forms/refund_transaction_form.rb": {
        "lines": [
          1,
          1,
          1,
          1,
          1,
          1,
          null,
          1,
          1,
          null
        ]
      },
      "/home/rtcoms/work/payment_system/app/forms/reversal_transaction_form.rb": {
        "lines": [
          1,
          1,
          1,
          1,
          1,
          null,
          1,
          null
        ]
      },
      "/home/rtcoms/work/payment_system/app/models/ability.rb": {
        "lines": [
          null,
          null,
          1,
          1,
          null,
          1,
          null,
          null,
          null,
          null,
          null,
          null,
          null,
          null,
          null,
          null,
          null,
          null,
          null,
          null,
          null,
          null,
          null,
          null,
          null,
          null,
          null,
          null,
          null,
          null,
          24,
          14,
          null,
          null,
          null,
          null
        ]
      },
      "/home/rtcoms/work/payment_system/app/controllers/pages_controller.rb": {
        "lines": [
          1,
          1,
          null,
          null
        ]
      },
      "/home/rtcoms/work/payment_system/app/controllers/transactions_controller.rb": {
        "lines": [
          0,
          null,
          0,
          0,
          0,
          null,
          0,
          0,
          null,
          null,
          0,
          0,
          0,
          null,
          0,
          0,
          0,
          null,
          null,
          0,
          null,
          0,
          0,
          0,
          0,
          0,
          0,
          0,
          0,
          0
        ],
        "branches": {
        }
      },
      "/home/rtcoms/work/payment_system/app/jobs/application_job.rb": {
        "lines": [
          0,
          null,
          null,
          null,
          null,
          null,
          0
        ],
        "branches": {
        }
      },
      "/home/rtcoms/work/payment_system/app/mailers/application_mailer.rb": {
        "lines": [
          0,
          0,
          0,
          0
        ],
        "branches": {
        }
      }
    },
    "timestamp": 1696797770
  }
}
